mapped-add_17, qseed, 374
mapped-add_17, qsearch, 378
mapped-add_17, random, 405
mapped-add_41, qseed, 2480
mapped-add_41, qsearch, 2452
mapped-add_41, random, 2699
mapped-add_65, qseed, 5798
mapped-add_65, qsearch, 5707
mapped-add_65, random, 6222
mapped-heisenberg_3, qseed, 11
mapped-heisenberg_3, qsearch, 12
mapped-heisenberg_3, random, 9
mapped-heisenberg_4, qseed, 176
mapped-heisenberg_4, qsearch, 177
mapped-heisenberg_4, random, 178
mapped-heisenberg_5, qseed, 206
mapped-heisenberg_5, qsearch, 199
mapped-heisenberg_5, random, 209
mapped-heisenberg_6, qseed, 277
mapped-heisenberg_6, qsearch, 288
mapped-heisenberg_6, random, 284
mapped-heisenberg_7, qseed, 358
mapped-heisenberg_7, qsearch, 358
mapped-heisenberg_7, random, 358
mapped-heisenberg_8, qseed, 395
mapped-heisenberg_8, qsearch, 392
mapped-heisenberg_8, random, 408
mapped-heisenberg_16, qseed, 914
mapped-heisenberg_16, qsearch, 914
mapped-heisenberg_16, random, 950
mapped-heisenberg_32, qseed, 2080
mapped-heisenberg_32, qsearch, 2083
mapped-heisenberg_32, random, 2108
mapped-heisenberg_64, qseed, 4508
mapped-heisenberg_64, qsearch, 4516
mapped-heisenberg_64, random, 4581
mapped-hhl_6, qseed, 181
mapped-hhl_6, qsearch, 181
mapped-hhl_6, random, 184
mapped-hhl_8, qseed, 1727
mapped-hhl_8, qsearch, 1738
mapped-hhl_8, random, 1810
mapped-hubbard_4, qseed, 62
mapped-hubbard_4, qsearch, 62
mapped-hubbard_4, random, 65
mapped-hubbard_8, qseed, 1151
mapped-hubbard_8, qsearch, 1141
mapped-hubbard_8, random, 1218
mapped-hubbard_18, qseed, 13594
mapped-hubbard_18, qsearch, 13463
mapped-hubbard_18, random, 14317
mapped-hubbard_50, qseed, 246378
mapped-hubbard_50, qsearch, 244585
mapped-hubbard_50, random, 256146
mapped-mult_8, qseed, 251
mapped-mult_8, qsearch, 252
mapped-mult_8, random, 256
mapped-mult_16, qseed, 1617
mapped-mult_16, qsearch, 1638
mapped-mult_16, random, 1712
mapped-mult_32, qseed, 12504
mapped-mult_32, qsearch, 12532
mapped-mult_32, random, 13069
mapped-mult_64, qseed, 100687
mapped-mult_64, qsearch, 100546
mapped-mult_64, random, 104761
mapped-qae_11, qseed, 165
mapped-qae_11, qsearch, 160
mapped-qae_11, random, 173
mapped-qae_17, qseed, 418
mapped-qae_17, qsearch, 427
mapped-qae_17, random, 468
mapped-qae_33, qseed, 1578
mapped-qae_33, qsearch, 1560
mapped-qae_33, random, 1709
mapped-qae_65, qseed, 5511
mapped-qae_65, qsearch, 5457
mapped-qae_65, random, 5885
mapped-qae_67, qseed, 5530
mapped-qae_67, qsearch, 5460
mapped-qae_67, random, 5887
mapped-qae_89, qseed, 8214
mapped-qae_89, qsearch, 8095
mapped-qae_89, random, 8750
mapped-qae_101, qseed, 10170
mapped-qae_101, qsearch, 10028
mapped-qae_101, random, 10797
mapped-qft_3, qseed, 7
mapped-qft_3, qsearch, 8
mapped-qft_3, random, 8
mapped-qft_4, qseed, 17
mapped-qft_4, qsearch, 17
mapped-qft_4, random, 19
mapped-qft_5, qseed, 34
mapped-qft_5, qsearch, 33
mapped-qft_5, random, 34
mapped-qft_6, qseed, 52
mapped-qft_6, qsearch, 53
mapped-qft_6, random, 54
mapped-qft_7, qseed, 73
mapped-qft_7, qsearch, 71
mapped-qft_7, random, 75
mapped-qft_8, qseed, 97
mapped-qft_8, qsearch, 97
mapped-qft_8, random, 102
mapped-qft_16, qseed, 388
mapped-qft_16, qsearch, 391
mapped-qft_16, random, 434
mapped-qft_32, qseed, 1643
mapped-qft_32, qsearch, 1629
mapped-qft_32, random, 1766
mapped-qft_64, qseed, 4639
mapped-qft_64, qsearch, 4598
mapped-qft_64, random, 4948
mapped-qml_4, qseed, 23
mapped-qml_4, qsearch, 23
mapped-qml_4, random, 27
mapped-qml_13, qseed, 325
mapped-qml_13, qsearch, 320
mapped-qml_13, random, 340
mapped-qml_19, qseed, 706
mapped-qml_19, qsearch, 699
mapped-qml_19, random, 797
mapped-qml_25, qseed, 1334
mapped-qml_25, qsearch, 1299
mapped-qml_25, random, 1482
mapped-qml_44, qseed, 3619
mapped-qml_44, qsearch, 3541
mapped-qml_44, random, 3979
mapped-qml_52, qseed, 5100
mapped-qml_52, qsearch, 4983
mapped-qml_52, random, 5714
mapped-qml_60, qseed, 6937
mapped-qml_60, qsearch, 6821
mapped-qml_60, random, 7741
mapped-qml_88, qseed, 12706
mapped-qml_88, qsearch, 12458
mapped-qml_88, random, 14177
mapped-qml_98, qseed, 15773
mapped-qml_98, qsearch, 15504
mapped-qml_98, random, 17726
mapped-qml_108, qseed, 19220
mapped-qml_108, qsearch, 18876
mapped-qml_108, random, 21704
mapped-qml_118, qseed, 24270
mapped-qml_118, qsearch, 23891
mapped-qml_118, random, 26922
mapped-qml_128, qseed, 28623
mapped-qml_128, qsearch, 28229
mapped-qml_128, random, 31990
mapped-qpe_6, qseed, 171
mapped-qpe_6, qsearch, 170
mapped-qpe_6, random, 178
mapped-qpe_8, qseed, 323
mapped-qpe_8, qsearch, 326
mapped-qpe_8, random, 328
mapped-qpe_10, qseed, 1647
mapped-qpe_10, qsearch, 1646
mapped-qpe_10, random, 1686
mapped-qpe_12, qseed, 2315
mapped-qpe_12, qsearch, 2288
mapped-qpe_12, random, 2465
mapped-qpe_14, qseed, 5143
mapped-qpe_14, qsearch, 5236
mapped-qpe_14, random, 5271
mapped-qpe_16, qseed, 29383
mapped-qpe_16, qsearch, 29468
mapped-qpe_16, random, 30534
mapped-qpe_18, qseed, 26655
mapped-qpe_18, qsearch, 26323
mapped-qpe_18, random, 27446
mapped-shor_12, qseed, 2704
mapped-shor_12, qsearch, 2694
mapped-shor_12, random, 2842
mapped-shor_14, qseed, 5683
mapped-shor_14, qsearch, 5689
mapped-shor_14, random, 6010
mapped-shor_16, qseed, 7865
mapped-shor_16, qsearch, 7871
mapped-shor_16, random, 8323
mapped-shor_32, qseed, 70339
mapped-shor_32, qsearch, 70727
mapped-shor_32, random, 74456
mapped-shor_64, qseed, 542826
mapped-shor_64, qsearch, 535602
mapped-shor_64, random, 573025
mapped-tfim_3, qseed, 6
mapped-tfim_3, qsearch, 6
mapped-tfim_3, random, 8
mapped-tfim_4, qseed, 116
mapped-tfim_4, qsearch, 116
mapped-tfim_4, random, 118
mapped-tfim_5, qseed, 130
mapped-tfim_5, qsearch, 133
mapped-tfim_5, random, 141
mapped-tfim_6, qseed, 188
mapped-tfim_6, qsearch, 180
mapped-tfim_6, random, 193
mapped-tfim_7, qseed, 238
mapped-tfim_7, qsearch, 238
mapped-tfim_7, random, 240
mapped-tfim_8, qseed, 262
mapped-tfim_8, qsearch, 260
mapped-tfim_8, random, 271
mapped-tfim_16, qseed, 565
mapped-tfim_16, qsearch, 564
mapped-tfim_16, random, 582
mapped-tfim_32, qseed, 1224
mapped-tfim_32, qsearch, 1220
mapped-tfim_32, random, 1225
mapped-tfim_64, qseed, 2959
mapped-tfim_64, qsearch, 2957
mapped-tfim_64, random, 3018
mapped-vqe_12, qseed, 8611
mapped-vqe_12, qsearch, 8581
mapped-vqe_12, random, 8900
mapped-vqe_14, qseed, 23226
mapped-vqe_14, qsearch, 23161
mapped-vqe_14, random, 23895
mapped-vqe_16, qseed, 47361
mapped-vqe_16, qsearch, 47205
mapped-vqe_16, random, 48892
mapped-vqe_18, qseed, 84212
mapped-vqe_18, qsearch, 84018
mapped-vqe_18, random, 86826
mapped-add_17, qseed, 379
mapped-add_17, qsearch, 378
mapped-add_17, random, 407
mapped-add_17, qseed, 377
mapped-add_17, qsearch, 382
mapped-add_17, random, 405
mapped-add_41, qseed, 2480
mapped-add_41, qsearch, 2452
mapped-add_41, random, 2699
mapped-add_65, qseed, 5798
mapped-add_65, qsearch, 5707
mapped-add_65, random, 6222
mapped-heisenberg_3, qseed, 11
mapped-heisenberg_3, qsearch, 12
mapped-heisenberg_3, random, 9
mapped-heisenberg_4, qseed, 176
mapped-heisenberg_4, qsearch, 177
mapped-heisenberg_4, random, 178
mapped-heisenberg_5, qseed, 206
mapped-heisenberg_5, qsearch, 199
mapped-heisenberg_5, random, 209
mapped-heisenberg_6, qseed, 277
mapped-heisenberg_6, qsearch, 288
mapped-heisenberg_6, random, 284
mapped-heisenberg_7, qseed, 358
mapped-heisenberg_7, qsearch, 358
mapped-heisenberg_7, random, 358
mapped-heisenberg_8, qseed, 395
mapped-heisenberg_8, qsearch, 392
mapped-heisenberg_8, random, 408
mapped-heisenberg_16, qseed, 914
mapped-heisenberg_16, qsearch, 914
mapped-heisenberg_16, random, 950
mapped-heisenberg_32, qseed, 2080
mapped-heisenberg_32, qsearch, 2083
mapped-heisenberg_32, random, 2108
mapped-heisenberg_64, qseed, 4508
mapped-heisenberg_64, qsearch, 4516
mapped-heisenberg_64, random, 4581
mapped-hhl_6, qseed, 181
mapped-hhl_6, qsearch, 181
mapped-hhl_6, random, 184
mapped-hhl_8, qseed, 1727
mapped-hhl_8, qsearch, 1738
mapped-hhl_8, random, 1810
mapped-hubbard_4, qseed, 62
mapped-hubbard_4, qsearch, 62
mapped-hubbard_4, random, 65
mapped-hubbard_8, qseed, 1151
mapped-hubbard_8, qsearch, 1141
mapped-hubbard_8, random, 1218
mapped-hubbard_18, qseed, 13594
mapped-hubbard_18, qsearch, 13463
mapped-hubbard_18, random, 14317
mapped-hubbard_50, qseed, 246378
mapped-hubbard_50, qsearch, 244585
mapped-hubbard_50, random, 256146
mapped-mult_8, qseed, 251
mapped-mult_8, qsearch, 252
mapped-mult_8, random, 256
mapped-mult_16, qseed, 1617
mapped-mult_16, qsearch, 1638
mapped-mult_16, random, 1712
mapped-mult_32, qseed, 12504
mapped-mult_32, qsearch, 12532
mapped-mult_32, random, 13069
mapped-mult_64, qseed, 100687
mapped-mult_64, qsearch, 100546
mapped-mult_64, random, 104761
mapped-qae_11, qseed, 165
mapped-qae_11, qsearch, 160
mapped-qae_11, random, 173
mapped-qae_17, qseed, 418
mapped-qae_17, qsearch, 427
mapped-qae_17, random, 468
mapped-qae_33, qseed, 1578
mapped-qae_33, qsearch, 1560
mapped-qae_33, random, 1709
mapped-qae_65, qseed, 5511
mapped-qae_65, qsearch, 5457
mapped-qae_65, random, 5885
mapped-qae_67, qseed, 5530
mapped-qae_67, qsearch, 5460
mapped-qae_67, random, 5887
mapped-qae_89, qseed, 8214
mapped-qae_89, qsearch, 8095
mapped-qae_89, random, 8750
mapped-qae_101, qseed, 10170
mapped-qae_101, qsearch, 10028
mapped-qae_101, random, 10797
mapped-qft_3, qseed, 7
mapped-qft_3, qsearch, 8
mapped-qft_3, random, 8
mapped-qft_4, qseed, 17
mapped-qft_4, qsearch, 17
mapped-qft_4, random, 19
mapped-qft_5, qseed, 34
mapped-qft_5, qsearch, 33
mapped-qft_5, random, 34
mapped-qft_6, qseed, 52
mapped-qft_6, qsearch, 53
mapped-qft_6, random, 54
mapped-qft_7, qseed, 73
mapped-qft_7, qsearch, 71
mapped-qft_7, random, 75
mapped-qft_8, qseed, 97
mapped-qft_8, qsearch, 97
mapped-qft_8, random, 102
mapped-qft_16, qseed, 388
mapped-qft_16, qsearch, 391
mapped-qft_16, random, 434
mapped-qft_32, qseed, 1643
mapped-qft_32, qsearch, 1629
mapped-qft_32, random, 1766
mapped-qft_64, qseed, 4639
mapped-qft_64, qsearch, 4598
mapped-qft_64, random, 4948
mapped-qml_4, qseed, 23
mapped-qml_4, qsearch, 23
mapped-qml_4, random, 27
mapped-qml_13, qseed, 325
mapped-qml_13, qsearch, 320
mapped-qml_13, random, 340
mapped-qml_19, qseed, 706
mapped-qml_19, qsearch, 699
mapped-qml_19, random, 797
mapped-qml_25, qseed, 1334
mapped-qml_25, qsearch, 1299
mapped-qml_25, random, 1482
mapped-qml_44, qseed, 3619
mapped-qml_44, qsearch, 3541
mapped-qml_44, random, 3979
mapped-qml_52, qseed, 5100
mapped-qml_52, qsearch, 4983
mapped-qml_52, random, 5714
mapped-qml_60, qseed, 6937
mapped-qml_60, qsearch, 6821
mapped-qml_60, random, 7741
mapped-qml_88, qseed, 12706
mapped-qml_88, qsearch, 12458
mapped-qml_88, random, 14177
mapped-qml_98, qseed, 15773
mapped-qml_98, qsearch, 15504
mapped-qml_98, random, 17726
mapped-qml_108, qseed, 19220
mapped-qml_108, qsearch, 18876
mapped-qml_108, random, 21704
mapped-qml_118, qseed, 24270
mapped-qml_118, qsearch, 23891
mapped-qml_118, random, 26922
mapped-qml_128, qseed, 28623
mapped-qml_128, qsearch, 28229
mapped-qml_128, random, 31990
mapped-qpe_6, qseed, 171
mapped-qpe_6, qsearch, 170
mapped-qpe_6, random, 178
mapped-qpe_8, qseed, 323
mapped-qpe_8, qsearch, 326
mapped-qpe_8, random, 328
mapped-qpe_10, qseed, 1647
mapped-qpe_10, qsearch, 1646
mapped-qpe_10, random, 1686
mapped-qpe_12, qseed, 2315
mapped-qpe_12, qsearch, 2288
mapped-qpe_12, random, 2465
mapped-qpe_14, qseed, 5143
mapped-qpe_14, qsearch, 5236
mapped-qpe_14, random, 5271
mapped-qpe_16, qseed, 29383
mapped-qpe_16, qsearch, 29468
mapped-qpe_16, random, 30534
mapped-qpe_18, qseed, 26655
mapped-qpe_18, qsearch, 26323
mapped-qpe_18, random, 27446
mapped-shor_12, qseed, 2704
mapped-shor_12, qsearch, 2694
mapped-shor_12, random, 2842
mapped-shor_14, qseed, 5683
mapped-shor_14, qsearch, 5689
mapped-shor_14, random, 6010
mapped-shor_16, qseed, 7865
mapped-shor_16, qsearch, 7871
mapped-shor_16, random, 8323
mapped-shor_32, qseed, 70339
mapped-shor_32, qsearch, 70727
mapped-shor_32, random, 74456
mapped-shor_64, qseed, 542826
mapped-shor_64, qsearch, 535602
mapped-shor_64, random, 573025
mapped-tfim_3, qseed, 6
mapped-tfim_3, qsearch, 6
mapped-tfim_3, random, 8
mapped-tfim_4, qseed, 116
mapped-tfim_4, qsearch, 116
mapped-tfim_4, random, 118
mapped-tfim_5, qseed, 130
mapped-tfim_5, qsearch, 133
mapped-tfim_5, random, 141
mapped-tfim_6, qseed, 188
mapped-tfim_6, qsearch, 180
mapped-tfim_6, random, 193
mapped-tfim_7, qseed, 238
mapped-tfim_7, qsearch, 238
mapped-tfim_7, random, 240
mapped-tfim_8, qseed, 262
mapped-tfim_8, qsearch, 260
mapped-tfim_8, random, 271
mapped-tfim_16, qseed, 565
mapped-tfim_16, qsearch, 564
mapped-tfim_16, random, 582
mapped-tfim_32, qseed, 1224
mapped-tfim_32, qsearch, 1220
mapped-tfim_32, random, 1225
mapped-tfim_64, qseed, 2959
mapped-tfim_64, qsearch, 2957
mapped-tfim_64, random, 3018
mapped-vqe_12, qseed, 8611
mapped-vqe_12, qsearch, 8581
mapped-vqe_12, random, 8900
mapped-vqe_14, qseed, 23226
mapped-vqe_14, qsearch, 23161
mapped-vqe_14, random, 23895
mapped-vqe_16, qseed, 47361
mapped-vqe_16, qsearch, 47205
mapped-vqe_16, random, 48892
mapped-vqe_18, qseed, 84212
mapped-vqe_18, qsearch, 84018
mapped-vqe_18, random, 86826
